<?xml version="1.0" encoding="UTF-8"?>
<testng-results ignored="0" total="1" passed="1" failed="0" skipped="0">
  <reporter-output>
  </reporter-output>
  <suite started-at="2023-10-14T00:11:21 NZDT" name="Default suite" finished-at="2023-10-14T00:11:21 NZDT" duration-ms="57">
    <groups>
    </groups>
    <test started-at="2023-10-14T00:11:21 NZDT" name="Default test" finished-at="2023-10-14T00:11:21 NZDT" duration-ms="57">
      <class name="Streams.Streams1">
        <test-method signature="streamcollect()[pri:0, instance:Streams.Streams1@2794eab6]" started-at="2023-10-14T00:11:21 NZDT" name="streamcollect" finished-at="2023-10-14T00:11:21 NZDT" duration-ms="14" status="PASS">
          <reporter-output>
          </reporter-output>
        </test-method> <!-- streamcollect -->
      </class> <!-- Streams.Streams1 -->
    </test> <!-- Default test -->
  </suite> <!-- Default suite -->
</testng-results>
